<?xml version="1.0" encoding="UTF-8"?>
<!-- Generated by org.testng.reporters.JUnitReportReporter -->
<testsuite skipped="0" hostname="kashmivm" name="com.leadgain.testcase.DashboardTest" tests="1" failures="0" timestamp="04 Oct 2018 05:31:09 GMT" time="0.011" errors="0">
  <testcase name="simpleTest" time="0.011" classname="com.leadgain.testcase.DashboardTest"/>
</testsuite> <!-- com.leadgain.testcase.DashboardTest -->
